#
# There is insufficient memory for the Java Runtime Environment to continue.
# Native memory allocation (malloc) failed to allocate 32744 bytes for ChunkPool::allocate
# Possible reasons:
#   The system is out of physical RAM or swap space
#   The process is running with CompressedOops enabled, and the Java Heap may be blocking the growth of the native heap
# Possible solutions:
#   Reduce memory load on the system
#   Increase physical memory or swap space
#   Check if swap backing store is full
#   Decrease Java heap size (-Xmx/-Xms)
#   Decrease number of Java threads
#   Decrease Java thread stack sizes (-Xss)
#   Set larger code cache with -XX:ReservedCodeCacheSize=
#   JVM is running with Unscaled Compressed Oops mode in which the Java heap is
#     placed in the first 4GB address space. The Java Heap base address is the
#     maximum limit for the native heap growth. Please use -XX:HeapBaseMinAddress
#     to set the Java Heap base and to place the Java Heap above 4GB virtual address.
# This output file may be truncated or incomplete.
#
#  Out of Memory Error (allocation.cpp:272), pid=9656, tid=0x0000000000002128
#
# JRE version: Java(TM) SE Runtime Environment (8.0_221-b11) (build 1.8.0_221-b11)
# Java VM: Java HotSpot(TM) 64-Bit Server VM (25.221-b11 mixed mode windows-amd64 compressed oops)
# Failed to write core dump. Minidumps are not enabled by default on client versions of Windows
#

---------------  T H R E A D  ---------------

Current thread (0x0000000018f32000):  JavaThread "C2 CompilerThread0" daemon [_thread_in_native, id=8488, stack(0x0000000019170000,0x0000000019270000)]

Stack: [0x0000000019170000,0x0000000019270000]
[error occurred during error reporting (printing stack bounds), id 0xc0000005]

Native frames: (J=compiled Java code, j=interpreted, Vv=VM code, C=native code)


Current CompileTask:
C2:  11656 3866   !   4       org.springframework.core.annotation.AnnotatedElementUtils::searchWithFindSemantics (713 bytes)


---------------  P R O C E S S  ---------------

Java Threads: ( => current thread )
  0x000000001dafd800 JavaThread "DestroyJavaVM" [_thread_blocked, id=2552, stack(0x0000000002700000,0x0000000002800000)]
  0x000000001dafc800 JavaThread "http-nio-8080-AsyncTimeout" daemon [_thread_blocked, id=7120, stack(0x00000000223f0000,0x00000000224f0000)]
  0x000000001db00800 JavaThread "http-nio-8080-Acceptor-0" daemon [_thread_in_native, id=12960, stack(0x00000000222f0000,0x00000000223f0000)]
  0x000000001daf9000 JavaThread "http-nio-8080-ClientPoller-1" daemon [_thread_in_native, id=8832, stack(0x00000000221f0000,0x00000000222f0000)]
  0x000000001dafc000 JavaThread "http-nio-8080-ClientPoller-0" daemon [_thread_in_native, id=13540, stack(0x00000000220f0000,0x00000000221f0000)]
  0x000000001dafb000 JavaThread "http-nio-8080-exec-10" daemon [_thread_blocked, id=5856, stack(0x0000000021ff0000,0x00000000220f0000)]
  0x000000001daff800 JavaThread "http-nio-8080-exec-9" daemon [_thread_blocked, id=12460, stack(0x0000000021df0000,0x0000000021ef0000)]
  0x000000001daf8000 JavaThread "http-nio-8080-exec-8" daemon [_thread_blocked, id=9040, stack(0x0000000021cf0000,0x0000000021df0000)]
  0x000000001dafa800 JavaThread "http-nio-8080-exec-7" daemon [_thread_blocked, id=8240, stack(0x0000000021bf0000,0x0000000021cf0000)]
  0x000000001daff000 JavaThread "http-nio-8080-exec-6" daemon [_thread_blocked, id=9480, stack(0x0000000021af0000,0x0000000021bf0000)]
  0x000000001dafe000 JavaThread "http-nio-8080-exec-5" daemon [_thread_blocked, id=10412, stack(0x00000000219f0000,0x0000000021af0000)]
  0x000000001ad70800 JavaThread "http-nio-8080-exec-4" daemon [_thread_blocked, id=11088, stack(0x00000000218f0000,0x00000000219f0000)]
  0x000000001ad6c800 JavaThread "http-nio-8080-exec-3" daemon [_thread_blocked, id=12860, stack(0x00000000217f0000,0x00000000218f0000)]
  0x000000001ad6b000 JavaThread "http-nio-8080-exec-2" daemon [_thread_blocked, id=13524, stack(0x00000000216f0000,0x00000000217f0000)]
  0x000000001ad6c000 JavaThread "http-nio-8080-exec-1" daemon [_thread_blocked, id=8, stack(0x00000000215f0000,0x00000000216f0000)]
  0x000000001ad71000 JavaThread "NioBlockingSelector.BlockPoller-1" daemon [_thread_in_native, id=6872, stack(0x00000000214f0000,0x00000000215f0000)]
  0x00000000197b2800 JavaThread "mysql-cj-abandoned-connection-cleanup" daemon [_thread_blocked, id=11912, stack(0x000000001f960000,0x000000001fa60000)]
  0x000000001a5b4000 JavaThread "Tomcat JDBC Pool Cleaner[414493378:1570313740374]" daemon [_thread_blocked, id=5312, stack(0x000000001f860000,0x000000001f960000)]
  0x000000001977a000 JavaThread "container-0" [_thread_blocked, id=11964, stack(0x000000001f760000,0x000000001f860000)]
  0x000000001e1f5000 JavaThread "ContainerBackgroundProcessor[StandardEngine[Tomcat]]" daemon [_thread_blocked, id=9924, stack(0x000000001f350000,0x000000001f450000)]
  0x000000001ed53800 JavaThread "localhost-startStop-1" daemon [_thread_blocked, id=2072, stack(0x000000001f460000,0x000000001f560000)]
  0x000000001c8e2800 JavaThread "Tomcat-startStop-1" daemon [_thread_blocked, id=1180, stack(0x000000001b2e0000,0x000000001b3e0000)]
  0x0000000018fce800 JavaThread "Service Thread" daemon [_thread_blocked, id=5020, stack(0x0000000019470000,0x0000000019570000)]
  0x0000000018f3b800 JavaThread "C1 CompilerThread2" daemon [_thread_blocked, id=5952, stack(0x0000000019370000,0x0000000019470000)]
  0x0000000018f33000 JavaThread "C2 CompilerThread1" daemon [_thread_in_native, id=12428, stack(0x0000000019270000,0x0000000019370000)]
=>0x0000000018f32000 JavaThread "C2 CompilerThread0" daemon [_thread_in_native, id=8488, stack(0x0000000019170000,0x0000000019270000)]
  0x0000000018e8c000 JavaThread "Monitor Ctrl-Break" daemon [_thread_in_native, id=2004, stack(0x0000000019070000,0x0000000019170000)]
  0x000000001761d800 JavaThread "Attach Listener" daemon [_thread_blocked, id=9844, stack(0x0000000018b70000,0x0000000018c70000)]
  0x000000001761a800 JavaThread "Signal Dispatcher" daemon [_thread_blocked, id=13212, stack(0x0000000018a70000,0x0000000018b70000)]
  0x00000000175fb000 JavaThread "Finalizer" daemon [_thread_blocked, id=13348, stack(0x0000000018860000,0x0000000018960000)]
  0x0000000002aa6000 JavaThread "Reference Handler" daemon [_thread_blocked, id=1508, stack(0x0000000018760000,0x0000000018860000)]

Other Threads:
  0x00000000175d7800 VMThread [stack: 0x0000000018660000,0x0000000018760000] [id=12276]
  0x0000000019030000 WatcherThread [stack: 0x0000000019570000,0x0000000019670000] [id=13792]

VM state:not at safepoint (normal execution)

VM Mutex/Monitor currently owned by a thread: None

heap address: 0x0000000081600000, size: 2026 MB, Compressed Oops mode: 32-bit
Narrow klass base: 0x0000000000000000, Narrow klass shift: 3
Compressed class space size: 1073741824 Address: 0x0000000100000000

Heap:
 PSYoungGen      total 160256K, used 21368K [0x00000000d5d00000, 0x00000000e2b00000, 0x0000000100000000)
  eden space 145920K, 7% used [0x00000000d5d00000,0x00000000d6750098,0x00000000deb80000)
  from space 14336K, 75% used [0x00000000deb80000,0x00000000df60e120,0x00000000df980000)
  to   space 14848K, 0% used [0x00000000e1c80000,0x00000000e1c80000,0x00000000e2b00000)
 ParOldGen       total 103424K, used 21850K [0x0000000081600000, 0x0000000087b00000, 0x00000000d5d00000)
  object space 103424K, 21% used [0x0000000081600000,0x0000000082b56b10,0x0000000087b00000)
 Metaspace       used 40978K, capacity 41414K, committed 41856K, reserved 1085440K
  class space    used 5283K, capacity 5388K, committed 5504K, reserved 1048576K

Card table byte_map: [0x0000000011e70000,0x0000000012270000] byte_map_base: 0x0000000011a65000

Marking Bits: (ParMarkBitMap*) 0x000000006a735ce0
 Begin Bits: [0x0000000012920000, 0x00000000148c8000)
 End Bits:   [0x00000000148c8000, 0x0000000016870000)

Polling page: 0x0000000000d70000

CodeCache: size=245760Kb used=13600Kb max_used=13722Kb free=232159Kb
 bounds [0x0000000002ab0000, 0x0000000003830000, 0x0000000011ab0000]
 total_blobs=3930 nmethods=3453 adapters=389
 compilation: enabled

Compilation events (10 events):
Event: 10.764 Thread 0x0000000018f3b800 3912       2       org.apache.catalina.core.DefaultInstanceManager::findLifecycleCallback (126 bytes)
Event: 10.766 Thread 0x0000000018f3b800 nmethod 3912 0x0000000003162d10 code [0x0000000003162fa0, 0x00000000031639a8]
Event: 10.768 Thread 0x0000000018f3b800 3913       2       java.util.concurrent.ConcurrentHashMap$BaseIterator::remove (37 bytes)
Event: 10.769 Thread 0x0000000018f3b800 nmethod 3913 0x0000000003253dd0 code [0x0000000003253f40, 0x0000000003254198]
Event: 10.772 Thread 0x0000000018f3b800 3914   !   2       org.springframework.beans.factory.support.FactoryBeanRegistrySupport::getTypeForFactoryBean (48 bytes)
Event: 10.772 Thread 0x0000000018f3b800 nmethod 3914 0x00000000032536d0 code [0x0000000003253880, 0x0000000003253ba8]
Event: 10.773 Thread 0x0000000018f3b800 3915       2       org.springframework.core.ResolvableType$WildcardBounds::get (134 bytes)
Event: 10.774 Thread 0x0000000018f3b800 nmethod 3915 0x0000000003161e90 code [0x00000000031620a0, 0x00000000031627c8]
Event: 10.774 Thread 0x0000000018f3b800 3916       2       ch.qos.logback.core.pattern.DynamicConverter::getFirstOption (35 bytes)
Event: 10.774 Thread 0x0000000018f3b800 nmethod 3916 0x0000000003253290 code [0x0000000003253400, 0x0000000003253618]

GC Heap History (10 events):
Event: 5.488 GC heap before
{Heap before GC invocations=7 (full 1):
 PSYoungGen      total 71680K, used 66560K [0x00000000d5d00000, 0x00000000df000000, 0x0000000100000000)
  eden space 66560K, 100% used [0x00000000d5d00000,0x00000000d9e00000,0x00000000d9e00000)
  from space 5120K, 0% used [0x00000000d9e00000,0x00000000d9e00000,0x00000000da300000)
  to   space 8704K, 0% used [0x00000000de780000,0x00000000de780000,0x00000000df000000)
 ParOldGen       total 59904K, used 7826K [0x0000000081600000, 0x0000000085080000, 0x00000000d5d00000)
  object space 59904K, 13% used [0x0000000081600000,0x0000000081da4828,0x0000000085080000)
 Metaspace       used 24845K, capacity 25182K, committed 25472K, reserved 1071104K
  class space    used 3068K, capacity 3172K, committed 3200K, reserved 1048576K
Event: 5.494 GC heap after
Heap after GC invocations=7 (full 1):
 PSYoungGen      total 104960K, used 5345K [0x00000000d5d00000, 0x00000000ded00000, 0x0000000100000000)
  eden space 99328K, 0% used [0x00000000d5d00000,0x00000000d5d00000,0x00000000dbe00000)
  from space 5632K, 94% used [0x00000000de780000,0x00000000decb8730,0x00000000ded00000)
  to   space 8704K, 0% used [0x00000000ddc00000,0x00000000ddc00000,0x00000000de480000)
 ParOldGen       total 59904K, used 7834K [0x0000000081600000, 0x0000000085080000, 0x00000000d5d00000)
  object space 59904K, 13% used [0x0000000081600000,0x0000000081da6828,0x0000000085080000)
 Metaspace       used 24845K, capacity 25182K, committed 25472K, reserved 1071104K
  class space    used 3068K, capacity 3172K, committed 3200K, reserved 1048576K
}
Event: 6.603 GC heap before
{Heap before GC invocations=8 (full 1):
 PSYoungGen      total 104960K, used 104673K [0x00000000d5d00000, 0x00000000ded00000, 0x0000000100000000)
  eden space 99328K, 100% used [0x00000000d5d00000,0x00000000dbe00000,0x00000000dbe00000)
  from space 5632K, 94% used [0x00000000de780000,0x00000000decb8730,0x00000000ded00000)
  to   space 8704K, 0% used [0x00000000ddc00000,0x00000000ddc00000,0x00000000de480000)
 ParOldGen       total 59904K, used 7834K [0x0000000081600000, 0x0000000085080000, 0x00000000d5d00000)
  object space 59904K, 13% used [0x0000000081600000,0x0000000081da6828,0x0000000085080000)
 Metaspace       used 28887K, capacity 29220K, committed 29568K, reserved 1075200K
  class space    used 3572K, capacity 3685K, committed 3712K, reserved 1048576K
Event: 6.621 GC heap after
Heap after GC invocations=8 (full 1):
 PSYoungGen      total 138752K, used 8682K [0x00000000d5d00000, 0x00000000e0480000, 0x0000000100000000)
  eden space 130048K, 0% used [0x00000000d5d00000,0x00000000d5d00000,0x00000000ddc00000)
  from space 8704K, 99% used [0x00000000ddc00000,0x00000000de47a970,0x00000000de480000)
  to   space 11264K, 0% used [0x00000000df980000,0x00000000df980000,0x00000000e0480000)
 ParOldGen       total 59904K, used 11616K [0x0000000081600000, 0x0000000085080000, 0x00000000d5d00000)
  object space 59904K, 19% used [0x0000000081600000,0x00000000821580d0,0x0000000085080000)
 Metaspace       used 28887K, capacity 29220K, committed 29568K, reserved 1075200K
  class space    used 3572K, capacity 3685K, committed 3712K, reserved 1048576K
}
Event: 7.471 GC heap before
{Heap before GC invocations=9 (full 1):
 PSYoungGen      total 138752K, used 80083K [0x00000000d5d00000, 0x00000000e0480000, 0x0000000100000000)
  eden space 130048K, 54% used [0x00000000d5d00000,0x00000000da2ba5a0,0x00000000ddc00000)
  from space 8704K, 99% used [0x00000000ddc00000,0x00000000de47a970,0x00000000de480000)
  to   space 11264K, 0% used [0x00000000df980000,0x00000000df980000,0x00000000e0480000)
 ParOldGen       total 59904K, used 11616K [0x0000000081600000, 0x0000000085080000, 0x00000000d5d00000)
  object space 59904K, 19% used [0x0000000081600000,0x00000000821580d0,0x0000000085080000)
 Metaspace       used 34852K, capacity 35236K, committed 35496K, reserved 1081344K
  class space    used 4433K, capacity 4549K, committed 4608K, reserved 1048576K
Event: 7.488 GC heap after
Heap after GC invocations=9 (full 1):
 PSYoungGen      total 157184K, used 11249K [0x00000000d5d00000, 0x00000000e3a00000, 0x0000000100000000)
  eden space 145920K, 0% used [0x00000000d5d00000,0x00000000d5d00000,0x00000000deb80000)
  from space 11264K, 99% used [0x00000000df980000,0x00000000e047c6d0,0x00000000e0480000)
  to   space 14336K, 0% used [0x00000000deb80000,0x00000000deb80000,0x00000000df980000)
 ParOldGen       total 59904K, used 15432K [0x0000000081600000, 0x0000000085080000, 0x00000000d5d00000)
  object space 59904K, 25% used [0x0000000081600000,0x0000000082512030,0x0000000085080000)
 Metaspace       used 34852K, capacity 35236K, committed 35496K, reserved 1081344K
  class space    used 4433K, capacity 4549K, committed 4608K, reserved 1048576K
}
Event: 7.488 GC heap before
{Heap before GC invocations=10 (full 2):
 PSYoungGen      total 157184K, used 11249K [0x00000000d5d00000, 0x00000000e3a00000, 0x0000000100000000)
  eden space 145920K, 0% used [0x00000000d5d00000,0x00000000d5d00000,0x00000000deb80000)
  from space 11264K, 99% used [0x00000000df980000,0x00000000e047c6d0,0x00000000e0480000)
  to   space 14336K, 0% used [0x00000000deb80000,0x00000000deb80000,0x00000000df980000)
 ParOldGen       total 59904K, used 15432K [0x0000000081600000, 0x0000000085080000, 0x00000000d5d00000)
  object space 59904K, 25% used [0x0000000081600000,0x0000000082512030,0x0000000085080000)
 Metaspace       used 34852K, capacity 35236K, committed 35496K, reserved 1081344K
  class space    used 4433K, capacity 4549K, committed 4608K, reserved 1048576K
Event: 7.593 GC heap after
Heap after GC invocations=10 (full 2):
 PSYoungGen      total 157184K, used 0K [0x00000000d5d00000, 0x00000000e3a00000, 0x0000000100000000)
  eden space 145920K, 0% used [0x00000000d5d00000,0x00000000d5d00000,0x00000000deb80000)
  from space 11264K, 0% used [0x00000000df980000,0x00000000df980000,0x00000000e0480000)
  to   space 14336K, 0% used [0x00000000deb80000,0x00000000deb80000,0x00000000df980000)
 ParOldGen       total 103424K, used 21842K [0x0000000081600000, 0x0000000087b00000, 0x00000000d5d00000)
  object space 103424K, 21% used [0x0000000081600000,0x0000000082b54b10,0x0000000087b00000)
 Metaspace       used 34852K, capacity 35236K, committed 35496K, reserved 1081344K
  class space    used 4433K, capacity 4549K, committed 4608K, reserved 1048576K
}
Event: 10.512 GC heap before
{Heap before GC invocations=11 (full 2):
 PSYoungGen      total 157184K, used 145920K [0x00000000d5d00000, 0x00000000e3a00000, 0x0000000100000000)
  eden space 145920K, 100% used [0x00000000d5d00000,0x00000000deb80000,0x00000000deb80000)
  from space 11264K, 0% used [0x00000000df980000,0x00000000df980000,0x00000000e0480000)
  to   space 14336K, 0% used [0x00000000deb80000,0x00000000deb80000,0x00000000df980000)
 ParOldGen       total 103424K, used 21842K [0x0000000081600000, 0x0000000087b00000, 0x00000000d5d00000)
  object space 103424K, 21% used [0x0000000081600000,0x0000000082b54b10,0x0000000087b00000)
 Metaspace       used 40331K, capacity 40770K, committed 41216K, reserved 1085440K
  class space    used 5198K, capacity 5322K, committed 5376K, reserved 1048576K
Event: 10.529 GC heap after
Heap after GC invocations=11 (full 2):
 PSYoungGen      total 160256K, used 10808K [0x00000000d5d00000, 0x00000000e2b00000, 0x0000000100000000)
  eden space 145920K, 0% used [0x00000000d5d00000,0x00000000d5d00000,0x00000000deb80000)
  from space 14336K, 75% used [0x00000000deb80000,0x00000000df60e120,0x00000000df980000)
  to   space 14848K, 0% used [0x00000000e1c80000,0x00000000e1c80000,0x00000000e2b00000)
 ParOldGen       total 103424K, used 21850K [0x0000000081600000, 0x0000000087b00000, 0x00000000d5d00000)
  object space 103424K, 21% used [0x0000000081600000,0x0000000082b56b10,0x0000000087b00000)
 Metaspace       used 40331K, capacity 40770K, committed 41216K, reserved 1085440K
  class space    used 5198K, capacity 5322K, committed 5376K, reserved 1048576K
}

Deoptimization events (10 events):
Event: 9.587 Thread 0x00000000029b6000 Uncommon trap: reason=unstable_if action=reinterpret pc=0x00000000032d76c8 method=java.util.concurrent.ConcurrentHashMap.transfer([Ljava/util/concurrent/ConcurrentHashMap$Node;[Ljava/util/concurrent/ConcurrentHashMap$Node;)V @ 356
Event: 9.589 Thread 0x00000000029b6000 Uncommon trap: reason=unstable_if action=reinterpret pc=0x00000000035ab75c method=java.util.concurrent.ConcurrentHashMap.transfer([Ljava/util/concurrent/ConcurrentHashMap$Node;[Ljava/util/concurrent/ConcurrentHashMap$Node;)V @ 356
Event: 9.754 Thread 0x00000000029b6000 Uncommon trap: reason=unstable_if action=reinterpret pc=0x00000000030ef908 method=java.io.WinNTFileSystem.isLetter(C)Z @ 3
Event: 10.191 Thread 0x00000000029b6000 Uncommon trap: reason=unstable_if action=reinterpret pc=0x0000000002fa1048 method=java.lang.reflect.Proxy.isProxyClass(Ljava/lang/Class;)Z @ 16
Event: 10.192 Thread 0x00000000029b6000 Uncommon trap: reason=unstable_if action=reinterpret pc=0x0000000002e2579c method=sun.reflect.misc.ReflectUtil.isNonPublicProxyClass(Ljava/lang/Class;)Z @ 33
Event: 10.562 Thread 0x00000000029b6000 Uncommon trap: reason=unstable_if action=reinterpret pc=0x0000000003483a0c method=java.lang.Class$MethodArray.addIfNotPresent(Ljava/lang/reflect/Method;)V @ 19
Event: 10.618 Thread 0x00000000029b6000 Uncommon trap: reason=unstable_if action=reinterpret pc=0x0000000002bc5f94 method=org.springframework.util.ConcurrentReferenceHashMap$Segment.clear()V @ 4
Event: 10.739 Thread 0x00000000029b6000 Uncommon trap: reason=class_check action=maybe_recompile pc=0x0000000002eb60f8 method=java.util.TreeMap.getEntry(Ljava/lang/Object;)Ljava/util/TreeMap$Entry; @ 26
Event: 10.767 Thread 0x00000000029b6000 Uncommon trap: reason=bimorphic action=maybe_recompile pc=0x0000000002fa7818 method=java.util.Hashtable.get(Ljava/lang/Object;)Ljava/lang/Object; @ 6
Event: 10.767 Thread 0x00000000029b6000 Uncommon trap: reason=bimorphic action=maybe_recompile pc=0x0000000002fa7818 method=java.util.Hashtable.get(Ljava/lang/Object;)Ljava/lang/Object; @ 6

Classes redefined (0 events):
No events

Internal exceptions (10 events):
Event: 10.373 Thread 0x00000000029b6000 Exception <a 'java/lang/ClassNotFoundException': java/lang/ObjectCustomizer> (0x00000000de149250) thrown at [C:\re\workspace\8-2-build-windows-amd64-cygwin\jdk8u221\13320\hotspot\src\share\vm\classfile\systemDictionary.cpp, line 210]
Event: 10.374 Thread 0x00000000029b6000 Exception <a 'java/lang/ClassNotFoundException': org/springframework/boot/autoconfigure/web/WebClientAutoConfiguration$RestTemplateConfigurationCustomizer> (0x00000000de168ff0) thrown at [C:\re\workspace\8-2-build-windows-amd64-cygwin\jdk8u221\13320\hotsp
Event: 10.374 Thread 0x00000000029b6000 Exception <a 'java/lang/ClassNotFoundException': org/springframework/boot/autoconfigure/web/WebClientAutoConfiguration$RestTemplateConfiguration$$EnhancerBySpringCGLIB$$f74412d6Customizer> (0x00000000de18dc98) thrown at [C:\re\workspace\8-2-build-windows-
Event: 10.375 Thread 0x00000000029b6000 Exception <a 'java/lang/ClassNotFoundException': org/springframework/context/annotation/ConfigurationClassEnhancer$EnhancedConfigurationCustomizer> (0x00000000de1af900) thrown at [C:\re\workspace\8-2-build-windows-amd64-cygwin\jdk8u221\13320\hotspot\src\s
Event: 10.409 Thread 0x00000000029b6000 Exception <a 'java/lang/ClassNotFoundException': org/springframework/boot/web/client/RestTemplateBuilderBeanInfo> (0x00000000de25e598) thrown at [C:\re\workspace\8-2-build-windows-amd64-cygwin\jdk8u221\13320\hotspot\src\share\vm\classfile\systemDictionary
Event: 10.410 Thread 0x00000000029b6000 Exception <a 'java/lang/ClassNotFoundException': org/springframework/boot/web/client/RestTemplateBuilderCustomizer> (0x00000000de271d68) thrown at [C:\re\workspace\8-2-build-windows-amd64-cygwin\jdk8u221\13320\hotspot\src\share\vm\classfile\systemDictiona
Event: 10.414 Thread 0x00000000029b6000 Exception <a 'java/lang/ClassNotFoundException': java/lang/ObjectCustomizer> (0x00000000de2a6428) thrown at [C:\re\workspace\8-2-build-windows-amd64-cygwin\jdk8u221\13320\hotspot\src\share\vm\classfile\systemDictionary.cpp, line 210]
Event: 10.414 Thread 0x00000000029b6000 Exception <a 'java/lang/ClassNotFoundException': org/springframework/boot/autoconfigure/web/WebClientAutoConfigurationCustomizer> (0x00000000de2c0b70) thrown at [C:\re\workspace\8-2-build-windows-amd64-cygwin\jdk8u221\13320\hotspot\src\share\vm\classfile\
Event: 10.415 Thread 0x00000000029b6000 Exception <a 'java/lang/ClassNotFoundException': org/springframework/boot/autoconfigure/web/WebClientAutoConfiguration$$EnhancerBySpringCGLIB$$b3c072Customizer> (0x00000000de2df380) thrown at [C:\re\workspace\8-2-build-windows-amd64-cygwin\jdk8u221\13320\
Event: 10.416 Thread 0x00000000029b6000 Exception <a 'java/lang/ClassNotFoundException': org/springframework/context/annotation/ConfigurationClassEnhancer$EnhancedConfigurationCustomizer> (0x00000000de2ff498) thrown at [C:\re\workspace\8-2-build-windows-amd64-cygwin\jdk8u221\13320\hotspot\src\s

Events (10 events):
Event: 10.770 loading class org/springframework/util/ConcurrentReferenceHashMap$EntryIterator
Event: 10.770 loading class org/springframework/util/ConcurrentReferenceHashMap$EntryIterator done
Event: 10.770 loading class org/springframework/boot/ApplicationRunner
Event: 10.770 loading class org/springframework/boot/ApplicationRunner done
Event: 10.771 loading class org/springframework/boot/CommandLineRunner
Event: 10.771 loading class org/springframework/boot/CommandLineRunner done
Event: 10.773 loading class org/springframework/util/StopWatch$TaskInfo
Event: 10.773 loading class org/springframework/util/StopWatch$TaskInfo done
Event: 10.774 Thread 0x00000000029b6000 Thread exited: 0x00000000029b6000
Event: 10.774 Thread 0x000000001dafd800 Thread added: 0x000000001dafd800


Dynamic libraries:
0x00007ff6d0150000 - 0x00007ff6d0187000 	C:\Program Files\Java\jdk1.8.0_221\bin\java.exe
0x00007ffcf6fc0000 - 0x00007ffcf71b0000 	C:\WINDOWS\SYSTEM32\ntdll.dll
0x00007ffcf5b10000 - 0x00007ffcf5bc2000 	C:\WINDOWS\System32\KERNEL32.DLL
0x00007ffcf4030000 - 0x00007ffcf42d3000 	C:\WINDOWS\System32\KERNELBASE.dll
0x00007ffcf54e0000 - 0x00007ffcf5583000 	C:\WINDOWS\System32\ADVAPI32.dll
0x00007ffcf5a70000 - 0x00007ffcf5b0e000 	C:\WINDOWS\System32\msvcrt.dll
0x00007ffcf5f50000 - 0x00007ffcf5fe7000 	C:\WINDOWS\System32\sechost.dll
0x00007ffcf62c0000 - 0x00007ffcf63e0000 	C:\WINDOWS\System32\RPCRT4.dll
0x00007ffcf5ff0000 - 0x00007ffcf6183000 	C:\WINDOWS\System32\USER32.dll
0x00007ffcf4000000 - 0x00007ffcf4021000 	C:\WINDOWS\System32\win32u.dll
0x00007ffcf6ec0000 - 0x00007ffcf6ee6000 	C:\WINDOWS\System32\GDI32.dll
0x00007ffcf42e0000 - 0x00007ffcf4474000 	C:\WINDOWS\System32\gdi32full.dll
0x00007ffcf4d80000 - 0x00007ffcf4e1e000 	C:\WINDOWS\System32\msvcp_win.dll
0x00007ffcf4f70000 - 0x00007ffcf506a000 	C:\WINDOWS\System32\ucrtbase.dll
0x00007ffce9760000 - 0x00007ffce99e5000 	C:\WINDOWS\WinSxS\amd64_microsoft.windows.common-controls_6595b64144ccf1df_6.0.18362.356_none_e6c4af7d130f27cc\COMCTL32.dll
0x00007ffcf6b80000 - 0x00007ffcf6eb6000 	C:\WINDOWS\System32\combase.dll
0x00007ffcf4500000 - 0x00007ffcf4580000 	C:\WINDOWS\System32\bcryptPrimitives.dll
0x00007ffcf5070000 - 0x00007ffcf509e000 	C:\WINDOWS\System32\IMM32.DLL
0x000000006b670000 - 0x000000006b742000 	C:\Program Files\Java\jdk1.8.0_221\jre\bin\msvcr100.dll
0x0000000069f10000 - 0x000000006a7b5000 	C:\Program Files\Java\jdk1.8.0_221\jre\bin\server\jvm.dll
0x00007ffcf50b0000 - 0x00007ffcf50b8000 	C:\WINDOWS\System32\PSAPI.DLL
0x00007ffcef5c0000 - 0x00007ffcef5c9000 	C:\WINDOWS\SYSTEM32\WSOCK32.dll
0x00007ffcf6f10000 - 0x00007ffcf6f7f000 	C:\WINDOWS\System32\WS2_32.dll
0x00007ffcea2a0000 - 0x00007ffcea2c4000 	C:\WINDOWS\SYSTEM32\WINMM.dll
0x00007ffce9a00000 - 0x00007ffce9a0a000 	C:\WINDOWS\SYSTEM32\VERSION.dll
0x00007ffcea510000 - 0x00007ffcea53d000 	C:\WINDOWS\SYSTEM32\winmmbase.dll
0x00007ffcf4d30000 - 0x00007ffcf4d7a000 	C:\WINDOWS\System32\cfgmgr32.dll
0x00007ffcf0270000 - 0x00007ffcf027f000 	C:\Program Files\Java\jdk1.8.0_221\jre\bin\verify.dll
0x00007ffce7d80000 - 0x00007ffce7da9000 	C:\Program Files\Java\jdk1.8.0_221\jre\bin\java.dll
0x00007ffce7ad0000 - 0x00007ffce7af3000 	C:\Program Files\Java\jdk1.8.0_221\jre\bin\instrument.dll
0x00007ffceb660000 - 0x00007ffceb676000 	C:\Program Files\Java\jdk1.8.0_221\jre\bin\zip.dll
0x00007ffcf6490000 - 0x00007ffcf6b75000 	C:\WINDOWS\System32\SHELL32.dll
0x00007ffcf63e0000 - 0x00007ffcf6489000 	C:\WINDOWS\System32\shcore.dll
0x00007ffcf45b0000 - 0x00007ffcf4d2e000 	C:\WINDOWS\System32\windows.storage.dll
0x00007ffcf3f30000 - 0x00007ffcf3f4f000 	C:\WINDOWS\System32\profapi.dll
0x00007ffcf3ec0000 - 0x00007ffcf3f0a000 	C:\WINDOWS\System32\powrprof.dll
0x00007ffcf3e90000 - 0x00007ffcf3ea0000 	C:\WINDOWS\System32\UMPDC.dll
0x00007ffcf55a0000 - 0x00007ffcf55f2000 	C:\WINDOWS\System32\shlwapi.dll
0x00007ffcf3ea0000 - 0x00007ffcf3eb1000 	C:\WINDOWS\System32\kernel.appcore.dll
0x00007ffcf4480000 - 0x00007ffcf4497000 	C:\WINDOWS\System32\cryptsp.dll
0x00007ffceac10000 - 0x00007ffceac2a000 	C:\Program Files\JetBrains\IntelliJ IDEA Community Edition 2019.2.3\bin\breakgen64.dll
0x00007ffceaa80000 - 0x00007ffceaa9a000 	C:\Program Files\Java\jdk1.8.0_221\jre\bin\net.dll
0x00007ffce9eb0000 - 0x00007ffcea086000 	C:\WINDOWS\SYSTEM32\urlmon.dll
0x00007ffce8090000 - 0x00007ffce8336000 	C:\WINDOWS\SYSTEM32\iertutil.dll
0x00007ffcf3870000 - 0x00007ffcf387c000 	C:\WINDOWS\SYSTEM32\CRYPTBASE.DLL
0x00007ffcf36a0000 - 0x00007ffcf3707000 	C:\WINDOWS\system32\mswsock.dll
0x00007ffcef270000 - 0x00007ffcef27d000 	C:\Program Files\Java\jdk1.8.0_221\jre\bin\management.dll
0x00007ffcda2d0000 - 0x00007ffcda2e6000 	C:\WINDOWS\system32\napinsp.dll
0x00007ffcda280000 - 0x00007ffcda29a000 	C:\WINDOWS\system32\pnrpnsp.dll
0x00007ffcf3400000 - 0x00007ffcf34ca000 	C:\WINDOWS\SYSTEM32\DNSAPI.dll
0x00007ffcf5590000 - 0x00007ffcf5598000 	C:\WINDOWS\System32\NSI.dll
0x00007ffcf33b0000 - 0x00007ffcf33ea000 	C:\WINDOWS\SYSTEM32\IPHLPAPI.DLL
0x00007ffcd7580000 - 0x00007ffcd758e000 	C:\WINDOWS\System32\winrnr.dll
0x00007ffcee900000 - 0x00007ffcee91c000 	C:\WINDOWS\system32\NLAapi.dll
0x00007ffceec60000 - 0x00007ffceec75000 	C:\WINDOWS\system32\wshbth.dll
0x00007ffceb600000 - 0x00007ffceb60a000 	C:\Windows\System32\rasadhlp.dll
0x00007ffceceb0000 - 0x00007ffcecf27000 	C:\WINDOWS\System32\fwpuclnt.dll
0x00007ffcf4580000 - 0x00007ffcf45a6000 	C:\WINDOWS\System32\bcrypt.dll
0x00007ffcec7d0000 - 0x00007ffcec7e2000 	C:\Program Files\Java\jdk1.8.0_221\jre\bin\nio.dll
0x00007ffcf3210000 - 0x00007ffcf3243000 	C:\WINDOWS\system32\rsaenh.dll
0x00007ffcf3db0000 - 0x00007ffcf3dd5000 	C:\WINDOWS\SYSTEM32\USERENV.dll
0x00007ffced0d0000 - 0x00007ffced0e6000 	C:\WINDOWS\SYSTEM32\dhcpcsvc6.DLL
0x00007ffced740000 - 0x00007ffced75c000 	C:\WINDOWS\SYSTEM32\dhcpcsvc.DLL

VM Arguments:
jvm_args: -javaagent:C:\Program Files\JetBrains\IntelliJ IDEA Community Edition 2019.2.3\lib\idea_rt.jar=59004:C:\Program Files\JetBrains\IntelliJ IDEA Community Edition 2019.2.3\bin -Dfile.encoding=UTF-8 
java_command: br.downtown.MainApplicationClass
java_class_path (initial): C:\Program Files\Java\jdk1.8.0_221\jre\lib\charsets.jar;C:\Program Files\Java\jdk1.8.0_221\jre\lib\deploy.jar;C:\Program Files\Java\jdk1.8.0_221\jre\lib\ext\access-bridge-64.jar;C:\Program Files\Java\jdk1.8.0_221\jre\lib\ext\cldrdata.jar;C:\Program Files\Java\jdk1.8.0_221\jre\lib\ext\dnsns.jar;C:\Program Files\Java\jdk1.8.0_221\jre\lib\ext\jaccess.jar;C:\Program Files\Java\jdk1.8.0_221\jre\lib\ext\jfxrt.jar;C:\Program Files\Java\jdk1.8.0_221\jre\lib\ext\localedata.jar;C:\Program Files\Java\jdk1.8.0_221\jre\lib\ext\nashorn.jar;C:\Program Files\Java\jdk1.8.0_221\jre\lib\ext\sunec.jar;C:\Program Files\Java\jdk1.8.0_221\jre\lib\ext\sunjce_provider.jar;C:\Program Files\Java\jdk1.8.0_221\jre\lib\ext\sunmscapi.jar;C:\Program Files\Java\jdk1.8.0_221\jre\lib\ext\sunpkcs11.jar;C:\Program Files\Java\jdk1.8.0_221\jre\lib\ext\zipfs.jar;C:\Program Files\Java\jdk1.8.0_221\jre\lib\javaws.jar;C:\Program Files\Java\jdk1.8.0_221\jre\lib\jce.jar;C:\Program Files\Java\jdk1.8.0_221\jre\lib\jfr.jar;C:\Program Files\Java\jdk1.8.0_221\jre\lib\jfxswt.jar;C:\Program Files\Java\jdk1.8.0_221\jre\lib\jsse.jar;C:\Program Files\Java\jdk1.8.0_221\jre\lib\management-agent.jar;C:\Program Files\Java\jdk1.8.0_221\jre\lib\plugin.jar;C:\Program Files\Java\jdk1.8.0_221\jre\lib\resources.jar;C:\Program Files\Java\jdk1.8.0_221\jre\lib\rt.jar;C:\Users\Dalton\IdeaProjects\SpringRest\target\classes;C:\Users\Dalton\.m2\repository\org\springframework\boot\spring-boot-starter-web\1.5.9.RELEASE\spring-boot-starter-web-1.5.9.RELEASE.jar;C:\Users\Dalton\.m2\repository\org\springframework\boot\spring-boot-starter\1.5.9.RELEASE\spring-boot-starter-1.5.9.RELEASE.jar;C:\Users\Dalton\.m2\repository\org\springframework\boot\spring-boot\1.5.9.RELEASE\spring-boot-1.5.9.RELEASE.jar;C:\Users\Dalton\.m2\repository\org\springframework\boot\spring-boot-autoconfigure\1.5.9.RELEASE\spring-boot-autoconfigure-1.5.9.RELEASE.jar;C:\Users\Dalton\.m2\repository\org\springframework\boot\spring-boot-starter-lo
Launcher Type: SUN_STANDARD

Environment Variables:
JAVA_HOME=C:\Program Files\Java\jre1.8.0_221
PATH=C:\Program Files (x86)\Common Files\Oracle\Java\javapath;C:\Program Files\Microsoft MPI\Bin\;C:\WINDOWS\system32;C:\WINDOWS;C:\WINDOWS\System32\Wbem;C:\WINDOWS\System32\WindowsPowerShell\v1.0\;C:\Program Files\dotnet\;C:\Program Files\Microsoft SQL Server\130\Tools\Binn\;C:\Program Files (x86)\Microsoft SQL Server\Client SDK\ODBC\130\Tools\Binn\;C:\Program Files (x86)\Microsoft SQL Server\140\Tools\Binn\;C:\Program Files (x86)\Microsoft SQL Server\140\DTS\Binn\;C:\Program Files (x86)\Microsoft SQL Server\140\Tools\Binn\ManagementStudio\;C:\WINDOWS\System32\OpenSSH\;C:\Program Files (x86)\Microsoft SQL Server\130\Tools\Binn\;C:\Program Files (x86)\Microsoft SQL Server\130\DTS\Binn\;C:\Program Files\Microsoft SQL Server\130\DTS\Binn\;C:\Program Files\Microsoft SQL Server\Client SDK\ODBC\130\Tools\Binn\;C:\Program Files\nodejs\;C:\Users\Dalton\AppData\Roaming\npm;C:\Users\Dalton\AppData\Roaming\npm\node_modules\@angular\cli\bin;C:\Users\Dalton\AppData\Local\Programs\Python\Python37-32;C:\Users\Dalton\AppData\Local\Programs\Microsoft VS Code\bin;C:\Users\Dalton\AppData\Local\Microsoft\WindowsApps;C:\Program Files\JetBrains\IntelliJ IDEA Community Edition 2019.2.3\bin
USERNAME=Dalton
OS=Windows_NT
PROCESSOR_IDENTIFIER=Intel64 Family 6 Model 69 Stepping 1, GenuineIntel



---------------  S Y S T E M  ---------------

OS: Windows 10.0 , 64 bit Build 18362 (10.0.18362.329)

CPU:total 4 (initial active 4) (2 cores per cpu, 2 threads per core) family 6 model 69 stepping 1, cmov, cx8, fxsr, mmx, sse, sse2, sse3, ssse3, sse4.1, sse4.2, popcnt, avx, avx2, aes, clmul, erms, lzcnt, ht, tsc, tscinvbit, bmi1, bmi2

Memory: 4k page, physical 8290760k(714916k free), swap 8290760k(4104k free)

vm_info: Java HotSpot(TM) 64-Bit Server VM (25.221-b11) for windows-amd64 JRE (1.8.0_221-b11), built on Jul  4 2019 04:39:29 by "java_re" with MS VC++ 10.0 (VS2010)

time: Sat Oct 05 19:15:45 2019
timezone: Hora oficial do Brasil
elapsed time: 11 seconds (0d 0h 0m 11s)

